<?xml version="1.0" encoding="UTF-8"?>
<!-- Generated by org.testng.reporters.JUnitReportReporter -->
<testsuite hostname="MADNB3266" name="demotest.NewTest" tests="1" failures="0" timestamp="26 Mar 2018 10:50:22 GMT" time="51.093" errors="0">
  <testcase name="f" time="51.093" classname="demotest.NewTest"/>
</testsuite> <!-- demotest.NewTest -->
